#
# There is insufficient memory for the Java Runtime Environment to continue.
# Native memory allocation (malloc) failed to allocate 32744 bytes for Chunk::new
# Possible reasons:
#   The system is out of physical RAM or swap space
#   The process is running with CompressedOops enabled, and the Java Heap may be blocking the growth of the native heap
# Possible solutions:
#   Reduce memory load on the system
#   Increase physical memory or swap space
#   Check if swap backing store is full
#   Decrease Java heap size (-Xmx/-Xms)
#   Decrease number of Java threads
#   Decrease Java thread stack sizes (-Xss)
#   Set larger code cache with -XX:ReservedCodeCacheSize=
#   JVM is running with Unscaled Compressed Oops mode in which the Java heap is
#     placed in the first 4GB address space. The Java Heap base address is the
#     maximum limit for the native heap growth. Please use -XX:HeapBaseMinAddress
#     to set the Java Heap base and to place the Java Heap above 4GB virtual address.
# This output file may be truncated or incomplete.
#
#  Out of Memory Error (arena.cpp:184), pid=12204, tid=3760
#
# JRE version: Java(TM) SE Runtime Environment (20.0.1+9) (build 20.0.1+9-29)
# Java VM: Java HotSpot(TM) 64-Bit Server VM (20.0.1+9-29, mixed mode, sharing, tiered, compressed oops, compressed class ptrs, g1 gc, windows-amd64)
# No core dump will be written. Minidumps are not enabled by default on client versions of Windows
#

---------------  S U M M A R Y ------------

Command Line: -ea -Didea.test.cyclic.buffer.size=1048576 -javaagent:C:\Program Files\JetBrains\IntelliJ IDEA 2023.1.1\lib\idea_rt.jar=50158:C:\Program Files\JetBrains\IntelliJ IDEA 2023.1.1\bin -Dfile.encoding=UTF-8 -Dsun.stdout.encoding=UTF-8 -Dsun.stderr.encoding=UTF-8 com.intellij.rt.junit.JUnitStarter -ideVersion5 -junit5 org.example.BookServiceTest,testPurchaseUserIsNull

Host: Intel(R) Core(TM) i5-8350U CPU @ 1.70GHz, 8 cores, 7G,  Windows 10 , 64 bit Build 19041 (10.0.19041.2913)
Time: Fri Jun  2 18:23:00 2023 Eastern Daylight Time elapsed time: 0.477566 seconds (0d 0h 0m 0s)

---------------  T H R E A D  ---------------

Current thread (0x0000023d660ebc50):  JavaThread "C1 CompilerThread0" daemon [_thread_in_native, id=3760, stack(0x0000007670c00000,0x0000007670d00000)]


Current CompileTask:
C1:    477  774       3       java.net.URLStreamHandler::parseURL (1124 bytes)

Stack: [0x0000007670c00000,0x0000007670d00000]
Native frames: (J=compiled Java code, j=interpreted, Vv=VM code, C=native code)
V  [jvm.dll+0x6bb95a]
V  [jvm.dll+0x8485fa]
V  [jvm.dll+0x84a1f5]
V  [jvm.dll+0x84a8f3]
V  [jvm.dll+0x280b0f]
V  [jvm.dll+0xc2b11]
V  [jvm.dll+0xc2e35]
V  [jvm.dll+0x134eaf]
V  [jvm.dll+0x181d0a]
V  [jvm.dll+0x170010]
V  [jvm.dll+0x1587d7]
V  [jvm.dll+0x158152]
V  [jvm.dll+0x158384]
V  [jvm.dll+0x1577c6]
V  [jvm.dll+0x1594fd]
V  [jvm.dll+0x259e1b]
V  [jvm.dll+0x2584f0]
V  [jvm.dll+0x3f2895]
V  [jvm.dll+0x7f4b56]
V  [jvm.dll+0x6ba5cb]
C  [ucrtbase.dll+0x21bb2]
C  [KERNEL32.DLL+0x17614]
C  [ntdll.dll+0x526a1]


---------------  P R O C E S S  ---------------

Threads class SMR info:
_java_thread_list=0x0000023d6a4f33b0, length=12, elements={
0x0000023d4779ea60, 0x0000023d660d1150, 0x0000023d660d1e50, 0x0000023d660d7c60,
0x0000023d660d87a0, 0x0000023d660db890, 0x0000023d660dc970, 0x0000023d660eab30,
0x0000023d660ebc50, 0x0000023d6609e440, 0x0000023d6a5ef5a0, 0x0000023d6a5efaf0
}

Java Threads: ( => current thread )
  0x0000023d4779ea60 JavaThread "main" [_thread_in_vm, id=5824, stack(0x000000766fe00000,0x000000766ff00000)]
  0x0000023d660d1150 JavaThread "Reference Handler" daemon [_thread_blocked, id=11204, stack(0x0000007670500000,0x0000007670600000)]
  0x0000023d660d1e50 JavaThread "Finalizer" daemon [_thread_blocked, id=4780, stack(0x0000007670600000,0x0000007670700000)]
  0x0000023d660d7c60 JavaThread "Signal Dispatcher" daemon [_thread_blocked, id=4936, stack(0x0000007670700000,0x0000007670800000)]
  0x0000023d660d87a0 JavaThread "Attach Listener" daemon [_thread_blocked, id=10284, stack(0x0000007670800000,0x0000007670900000)]
  0x0000023d660db890 JavaThread "Service Thread" daemon [_thread_blocked, id=14308, stack(0x0000007670900000,0x0000007670a00000)]
  0x0000023d660dc970 JavaThread "Monitor Deflation Thread" daemon [_thread_blocked, id=8260, stack(0x0000007670a00000,0x0000007670b00000)]
  0x0000023d660eab30 JavaThread "C2 CompilerThread0" daemon [_thread_in_native, id=12864, stack(0x0000007670b00000,0x0000007670c00000)]
=>0x0000023d660ebc50 JavaThread "C1 CompilerThread0" daemon [_thread_in_native, id=3760, stack(0x0000007670c00000,0x0000007670d00000)]
  0x0000023d6609e440 JavaThread "Common-Cleaner" daemon [_thread_blocked, id=3960, stack(0x0000007670d00000,0x0000007670e00000)]
  0x0000023d6a5ef5a0 JavaThread "Monitor Ctrl-Break" daemon [_thread_in_native, id=7376, stack(0x0000007670e00000,0x0000007670f00000)]
  0x0000023d6a5efaf0 JavaThread "Notification Thread" daemon [_thread_blocked, id=3928, stack(0x0000007670f00000,0x0000007671000000)]

Other Threads:
  0x0000023d660b0d60 VMThread "VM Thread" [stack: 0x0000007670400000,0x0000007670500000] [id=13648]
  0x0000023d6a5f3c00 WatcherThread "VM Periodic Task Thread" [stack: 0x0000007671000000,0x0000007671100000] [id=13292]
  0x0000023d477ff5c0 WorkerThread "GC Thread#0" [stack: 0x000000766ff00000,0x0000007670000000] [id=13916]
  0x0000023d478102b0 ConcurrentGCThread "G1 Main Marker" [stack: 0x0000007670000000,0x0000007670100000] [id=11720]
  0x0000023d47811480 WorkerThread "G1 Conc#0" [stack: 0x0000007670100000,0x0000007670200000] [id=9308]
  0x0000023d4786ec50 ConcurrentGCThread "G1 Refine#0" [stack: 0x0000007670200000,0x0000007670300000] [id=436]
  0x0000023d65f65c20 ConcurrentGCThread "G1 Service" [stack: 0x0000007670300000,0x0000007670400000] [id=11856]

Threads with active compile tasks:
C2 CompilerThread0      502  784       4       jdk.internal.org.objectweb.asm.SymbolTable::put (150 bytes)
C1 CompilerThread0      502  774       3       java.net.URLStreamHandler::parseURL (1124 bytes)

VM state: not at safepoint (normal execution)

VM Mutex/Monitor currently owned by a thread: None

Heap address: 0x0000000081e00000, size: 2018 MB, Compressed Oops mode: 32-bit

CDS archive(s) mapped at: [0x0000000800000000-0x0000000800c60000-0x0000000800c60000), size 12976128, SharedBaseAddress: 0x0000000800000000, ArchiveRelocationMode: 0.
Compressed class space mapped at: 0x0000000801000000-0x0000000841000000, reserved size: 1073741824
Narrow klass base: 0x0000000800000000, Narrow klass shift: 0, Narrow klass range: 0x100000000

GC Precious Log:
 CardTable entry size: 512
 Card Set container configuration: InlinePtr #cards 5 size 8 Array Of Cards #cards 12 size 40 Howl #buckets 4 coarsen threshold 1843 Howl Bitmap #cards 512 size 80 coarsen threshold 460 Card regions per heap region 1 cards per card region 2048
 CPUs: 8 total, 8 available
 Memory: 8067M
 Large Page Support: Disabled
 NUMA Support: Disabled
 Compressed Oops: Enabled (32-bit)
 Heap Region Size: 1M
 Heap Min Capacity: 8M
 Heap Initial Capacity: 128M
 Heap Max Capacity: 2018M
 Pre-touch: Disabled
 Parallel Workers: 8
 Concurrent Workers: 2
 Concurrent Refinement Workers: 8
 Periodic GC: Disabled

Heap:
 garbage-first heap   total 131072K, used 10240K [0x0000000081e00000, 0x0000000100000000)
  region size 1024K, 11 young (11264K), 0 survivors (0K)
 Metaspace       used 3446K, committed 3584K, reserved 1114112K
  class space    used 388K, committed 448K, reserved 1048576K

Heap Regions: E=young(eden), S=young(survivor), O=old, HS=humongous(starts), HC=humongous(continues), CS=collection set, F=free, OA=open archive, CA=closed archive, TAMS=top-at-mark-start, PB=parsable bottom
|   0|0x0000000081e00000, 0x0000000081e00000, 0x0000000081f00000|  0%| F|  |TAMS 0x0000000081e00000| PB 0x0000000081e00000| Untracked 
|   1|0x0000000081f00000, 0x0000000081f00000, 0x0000000082000000|  0%| F|  |TAMS 0x0000000081f00000| PB 0x0000000081f00000| Untracked 
|   2|0x0000000082000000, 0x0000000082000000, 0x0000000082100000|  0%| F|  |TAMS 0x0000000082000000| PB 0x0000000082000000| Untracked 
|   3|0x0000000082100000, 0x0000000082100000, 0x0000000082200000|  0%| F|  |TAMS 0x0000000082100000| PB 0x0000000082100000| Untracked 
|   4|0x0000000082200000, 0x0000000082200000, 0x0000000082300000|  0%| F|  |TAMS 0x0000000082200000| PB 0x0000000082200000| Untracked 
|   5|0x0000000082300000, 0x0000000082300000, 0x0000000082400000|  0%| F|  |TAMS 0x0000000082300000| PB 0x0000000082300000| Untracked 
|   6|0x0000000082400000, 0x0000000082400000, 0x0000000082500000|  0%| F|  |TAMS 0x0000000082400000| PB 0x0000000082400000| Untracked 
|   7|0x0000000082500000, 0x0000000082500000, 0x0000000082600000|  0%| F|  |TAMS 0x0000000082500000| PB 0x0000000082500000| Untracked 
|   8|0x0000000082600000, 0x0000000082600000, 0x0000000082700000|  0%| F|  |TAMS 0x0000000082600000| PB 0x0000000082600000| Untracked 
|   9|0x0000000082700000, 0x0000000082700000, 0x0000000082800000|  0%| F|  |TAMS 0x0000000082700000| PB 0x0000000082700000| Untracked 
|  10|0x0000000082800000, 0x0000000082800000, 0x0000000082900000|  0%| F|  |TAMS 0x0000000082800000| PB 0x0000000082800000| Untracked 
|  11|0x0000000082900000, 0x0000000082900000, 0x0000000082a00000|  0%| F|  |TAMS 0x0000000082900000| PB 0x0000000082900000| Untracked 
|  12|0x0000000082a00000, 0x0000000082a00000, 0x0000000082b00000|  0%| F|  |TAMS 0x0000000082a00000| PB 0x0000000082a00000| Untracked 
|  13|0x0000000082b00000, 0x0000000082b00000, 0x0000000082c00000|  0%| F|  |TAMS 0x0000000082b00000| PB 0x0000000082b00000| Untracked 
|  14|0x0000000082c00000, 0x0000000082c00000, 0x0000000082d00000|  0%| F|  |TAMS 0x0000000082c00000| PB 0x0000000082c00000| Untracked 
|  15|0x0000000082d00000, 0x0000000082d00000, 0x0000000082e00000|  0%| F|  |TAMS 0x0000000082d00000| PB 0x0000000082d00000| Untracked 
|  16|0x0000000082e00000, 0x0000000082e00000, 0x0000000082f00000|  0%| F|  |TAMS 0x0000000082e00000| PB 0x0000000082e00000| Untracked 
|  17|0x0000000082f00000, 0x0000000082f00000, 0x0000000083000000|  0%| F|  |TAMS 0x0000000082f00000| PB 0x0000000082f00000| Untracked 
|  18|0x0000000083000000, 0x0000000083000000, 0x0000000083100000|  0%| F|  |TAMS 0x0000000083000000| PB 0x0000000083000000| Untracked 
|  19|0x0000000083100000, 0x0000000083100000, 0x0000000083200000|  0%| F|  |TAMS 0x0000000083100000| PB 0x0000000083100000| Untracked 
|  20|0x0000000083200000, 0x0000000083200000, 0x0000000083300000|  0%| F|  |TAMS 0x0000000083200000| PB 0x0000000083200000| Untracked 
|  21|0x0000000083300000, 0x0000000083300000, 0x0000000083400000|  0%| F|  |TAMS 0x0000000083300000| PB 0x0000000083300000| Untracked 
|  22|0x0000000083400000, 0x0000000083400000, 0x0000000083500000|  0%| F|  |TAMS 0x0000000083400000| PB 0x0000000083400000| Untracked 
|  23|0x0000000083500000, 0x0000000083500000, 0x0000000083600000|  0%| F|  |TAMS 0x0000000083500000| PB 0x0000000083500000| Untracked 
|  24|0x0000000083600000, 0x0000000083600000, 0x0000000083700000|  0%| F|  |TAMS 0x0000000083600000| PB 0x0000000083600000| Untracked 
|  25|0x0000000083700000, 0x0000000083700000, 0x0000000083800000|  0%| F|  |TAMS 0x0000000083700000| PB 0x0000000083700000| Untracked 
|  26|0x0000000083800000, 0x0000000083800000, 0x0000000083900000|  0%| F|  |TAMS 0x0000000083800000| PB 0x0000000083800000| Untracked 
|  27|0x0000000083900000, 0x0000000083900000, 0x0000000083a00000|  0%| F|  |TAMS 0x0000000083900000| PB 0x0000000083900000| Untracked 
|  28|0x0000000083a00000, 0x0000000083a00000, 0x0000000083b00000|  0%| F|  |TAMS 0x0000000083a00000| PB 0x0000000083a00000| Untracked 
|  29|0x0000000083b00000, 0x0000000083b00000, 0x0000000083c00000|  0%| F|  |TAMS 0x0000000083b00000| PB 0x0000000083b00000| Untracked 
|  30|0x0000000083c00000, 0x0000000083c00000, 0x0000000083d00000|  0%| F|  |TAMS 0x0000000083c00000| PB 0x0000000083c00000| Untracked 
|  31|0x0000000083d00000, 0x0000000083d00000, 0x0000000083e00000|  0%| F|  |TAMS 0x0000000083d00000| PB 0x0000000083d00000| Untracked 
|  32|0x0000000083e00000, 0x0000000083e00000, 0x0000000083f00000|  0%| F|  |TAMS 0x0000000083e00000| PB 0x0000000083e00000| Untracked 
|  33|0x0000000083f00000, 0x0000000083f00000, 0x0000000084000000|  0%| F|  |TAMS 0x0000000083f00000| PB 0x0000000083f00000| Untracked 
|  34|0x0000000084000000, 0x0000000084000000, 0x0000000084100000|  0%| F|  |TAMS 0x0000000084000000| PB 0x0000000084000000| Untracked 
|  35|0x0000000084100000, 0x0000000084100000, 0x0000000084200000|  0%| F|  |TAMS 0x0000000084100000| PB 0x0000000084100000| Untracked 
|  36|0x0000000084200000, 0x0000000084200000, 0x0000000084300000|  0%| F|  |TAMS 0x0000000084200000| PB 0x0000000084200000| Untracked 
|  37|0x0000000084300000, 0x0000000084300000, 0x0000000084400000|  0%| F|  |TAMS 0x0000000084300000| PB 0x0000000084300000| Untracked 
|  38|0x0000000084400000, 0x0000000084400000, 0x0000000084500000|  0%| F|  |TAMS 0x0000000084400000| PB 0x0000000084400000| Untracked 
|  39|0x0000000084500000, 0x0000000084500000, 0x0000000084600000|  0%| F|  |TAMS 0x0000000084500000| PB 0x0000000084500000| Untracked 
|  40|0x0000000084600000, 0x0000000084600000, 0x0000000084700000|  0%| F|  |TAMS 0x0000000084600000| PB 0x0000000084600000| Untracked 
|  41|0x0000000084700000, 0x0000000084700000, 0x0000000084800000|  0%| F|  |TAMS 0x0000000084700000| PB 0x0000000084700000| Untracked 
|  42|0x0000000084800000, 0x0000000084800000, 0x0000000084900000|  0%| F|  |TAMS 0x0000000084800000| PB 0x0000000084800000| Untracked 
|  43|0x0000000084900000, 0x0000000084900000, 0x0000000084a00000|  0%| F|  |TAMS 0x0000000084900000| PB 0x0000000084900000| Untracked 
|  44|0x0000000084a00000, 0x0000000084a00000, 0x0000000084b00000|  0%| F|  |TAMS 0x0000000084a00000| PB 0x0000000084a00000| Untracked 
|  45|0x0000000084b00000, 0x0000000084b00000, 0x0000000084c00000|  0%| F|  |TAMS 0x0000000084b00000| PB 0x0000000084b00000| Untracked 
|  46|0x0000000084c00000, 0x0000000084c00000, 0x0000000084d00000|  0%| F|  |TAMS 0x0000000084c00000| PB 0x0000000084c00000| Untracked 
|  47|0x0000000084d00000, 0x0000000084d00000, 0x0000000084e00000|  0%| F|  |TAMS 0x0000000084d00000| PB 0x0000000084d00000| Untracked 
|  48|0x0000000084e00000, 0x0000000084e00000, 0x0000000084f00000|  0%| F|  |TAMS 0x0000000084e00000| PB 0x0000000084e00000| Untracked 
|  49|0x0000000084f00000, 0x0000000084f00000, 0x0000000085000000|  0%| F|  |TAMS 0x0000000084f00000| PB 0x0000000084f00000| Untracked 
|  50|0x0000000085000000, 0x0000000085000000, 0x0000000085100000|  0%| F|  |TAMS 0x0000000085000000| PB 0x0000000085000000| Untracked 
|  51|0x0000000085100000, 0x0000000085100000, 0x0000000085200000|  0%| F|  |TAMS 0x0000000085100000| PB 0x0000000085100000| Untracked 
|  52|0x0000000085200000, 0x0000000085200000, 0x0000000085300000|  0%| F|  |TAMS 0x0000000085200000| PB 0x0000000085200000| Untracked 
|  53|0x0000000085300000, 0x0000000085300000, 0x0000000085400000|  0%| F|  |TAMS 0x0000000085300000| PB 0x0000000085300000| Untracked 
|  54|0x0000000085400000, 0x0000000085400000, 0x0000000085500000|  0%| F|  |TAMS 0x0000000085400000| PB 0x0000000085400000| Untracked 
|  55|0x0000000085500000, 0x0000000085500000, 0x0000000085600000|  0%| F|  |TAMS 0x0000000085500000| PB 0x0000000085500000| Untracked 
|  56|0x0000000085600000, 0x0000000085600000, 0x0000000085700000|  0%| F|  |TAMS 0x0000000085600000| PB 0x0000000085600000| Untracked 
|  57|0x0000000085700000, 0x0000000085700000, 0x0000000085800000|  0%| F|  |TAMS 0x0000000085700000| PB 0x0000000085700000| Untracked 
|  58|0x0000000085800000, 0x0000000085800000, 0x0000000085900000|  0%| F|  |TAMS 0x0000000085800000| PB 0x0000000085800000| Untracked 
|  59|0x0000000085900000, 0x0000000085900000, 0x0000000085a00000|  0%| F|  |TAMS 0x0000000085900000| PB 0x0000000085900000| Untracked 
|  60|0x0000000085a00000, 0x0000000085a00000, 0x0000000085b00000|  0%| F|  |TAMS 0x0000000085a00000| PB 0x0000000085a00000| Untracked 
|  61|0x0000000085b00000, 0x0000000085b00000, 0x0000000085c00000|  0%| F|  |TAMS 0x0000000085b00000| PB 0x0000000085b00000| Untracked 
|  62|0x0000000085c00000, 0x0000000085c00000, 0x0000000085d00000|  0%| F|  |TAMS 0x0000000085c00000| PB 0x0000000085c00000| Untracked 
|  63|0x0000000085d00000, 0x0000000085d00000, 0x0000000085e00000|  0%| F|  |TAMS 0x0000000085d00000| PB 0x0000000085d00000| Untracked 
|  64|0x0000000085e00000, 0x0000000085e00000, 0x0000000085f00000|  0%| F|  |TAMS 0x0000000085e00000| PB 0x0000000085e00000| Untracked 
|  65|0x0000000085f00000, 0x0000000085f00000, 0x0000000086000000|  0%| F|  |TAMS 0x0000000085f00000| PB 0x0000000085f00000| Untracked 
|  66|0x0000000086000000, 0x0000000086000000, 0x0000000086100000|  0%| F|  |TAMS 0x0000000086000000| PB 0x0000000086000000| Untracked 
|  67|0x0000000086100000, 0x0000000086100000, 0x0000000086200000|  0%| F|  |TAMS 0x0000000086100000| PB 0x0000000086100000| Untracked 
|  68|0x0000000086200000, 0x0000000086200000, 0x0000000086300000|  0%| F|  |TAMS 0x0000000086200000| PB 0x0000000086200000| Untracked 
|  69|0x0000000086300000, 0x0000000086300000, 0x0000000086400000|  0%| F|  |TAMS 0x0000000086300000| PB 0x0000000086300000| Untracked 
|  70|0x0000000086400000, 0x0000000086400000, 0x0000000086500000|  0%| F|  |TAMS 0x0000000086400000| PB 0x0000000086400000| Untracked 
|  71|0x0000000086500000, 0x0000000086500000, 0x0000000086600000|  0%| F|  |TAMS 0x0000000086500000| PB 0x0000000086500000| Untracked 
|  72|0x0000000086600000, 0x0000000086600000, 0x0000000086700000|  0%| F|  |TAMS 0x0000000086600000| PB 0x0000000086600000| Untracked 
|  73|0x0000000086700000, 0x0000000086700000, 0x0000000086800000|  0%| F|  |TAMS 0x0000000086700000| PB 0x0000000086700000| Untracked 
|  74|0x0000000086800000, 0x0000000086800000, 0x0000000086900000|  0%| F|  |TAMS 0x0000000086800000| PB 0x0000000086800000| Untracked 
|  75|0x0000000086900000, 0x0000000086900000, 0x0000000086a00000|  0%| F|  |TAMS 0x0000000086900000| PB 0x0000000086900000| Untracked 
|  76|0x0000000086a00000, 0x0000000086a00000, 0x0000000086b00000|  0%| F|  |TAMS 0x0000000086a00000| PB 0x0000000086a00000| Untracked 
|  77|0x0000000086b00000, 0x0000000086b00000, 0x0000000086c00000|  0%| F|  |TAMS 0x0000000086b00000| PB 0x0000000086b00000| Untracked 
|  78|0x0000000086c00000, 0x0000000086c00000, 0x0000000086d00000|  0%| F|  |TAMS 0x0000000086c00000| PB 0x0000000086c00000| Untracked 
|  79|0x0000000086d00000, 0x0000000086d00000, 0x0000000086e00000|  0%| F|  |TAMS 0x0000000086d00000| PB 0x0000000086d00000| Untracked 
|  80|0x0000000086e00000, 0x0000000086e00000, 0x0000000086f00000|  0%| F|  |TAMS 0x0000000086e00000| PB 0x0000000086e00000| Untracked 
|  81|0x0000000086f00000, 0x0000000086f00000, 0x0000000087000000|  0%| F|  |TAMS 0x0000000086f00000| PB 0x0000000086f00000| Untracked 
|  82|0x0000000087000000, 0x0000000087000000, 0x0000000087100000|  0%| F|  |TAMS 0x0000000087000000| PB 0x0000000087000000| Untracked 
|  83|0x0000000087100000, 0x0000000087100000, 0x0000000087200000|  0%| F|  |TAMS 0x0000000087100000| PB 0x0000000087100000| Untracked 
|  84|0x0000000087200000, 0x0000000087200000, 0x0000000087300000|  0%| F|  |TAMS 0x0000000087200000| PB 0x0000000087200000| Untracked 
|  85|0x0000000087300000, 0x0000000087300000, 0x0000000087400000|  0%| F|  |TAMS 0x0000000087300000| PB 0x0000000087300000| Untracked 
|  86|0x0000000087400000, 0x0000000087400000, 0x0000000087500000|  0%| F|  |TAMS 0x0000000087400000| PB 0x0000000087400000| Untracked 
|  87|0x0000000087500000, 0x0000000087500000, 0x0000000087600000|  0%| F|  |TAMS 0x0000000087500000| PB 0x0000000087500000| Untracked 
|  88|0x0000000087600000, 0x0000000087600000, 0x0000000087700000|  0%| F|  |TAMS 0x0000000087600000| PB 0x0000000087600000| Untracked 
|  89|0x0000000087700000, 0x0000000087700000, 0x0000000087800000|  0%| F|  |TAMS 0x0000000087700000| PB 0x0000000087700000| Untracked 
|  90|0x0000000087800000, 0x0000000087800000, 0x0000000087900000|  0%| F|  |TAMS 0x0000000087800000| PB 0x0000000087800000| Untracked 
|  91|0x0000000087900000, 0x0000000087900000, 0x0000000087a00000|  0%| F|  |TAMS 0x0000000087900000| PB 0x0000000087900000| Untracked 
|  92|0x0000000087a00000, 0x0000000087a00000, 0x0000000087b00000|  0%| F|  |TAMS 0x0000000087a00000| PB 0x0000000087a00000| Untracked 
|  93|0x0000000087b00000, 0x0000000087b00000, 0x0000000087c00000|  0%| F|  |TAMS 0x0000000087b00000| PB 0x0000000087b00000| Untracked 
|  94|0x0000000087c00000, 0x0000000087c00000, 0x0000000087d00000|  0%| F|  |TAMS 0x0000000087c00000| PB 0x0000000087c00000| Untracked 
|  95|0x0000000087d00000, 0x0000000087d00000, 0x0000000087e00000|  0%| F|  |TAMS 0x0000000087d00000| PB 0x0000000087d00000| Untracked 
|  96|0x0000000087e00000, 0x0000000087e00000, 0x0000000087f00000|  0%| F|  |TAMS 0x0000000087e00000| PB 0x0000000087e00000| Untracked 
|  97|0x0000000087f00000, 0x0000000087f00000, 0x0000000088000000|  0%| F|  |TAMS 0x0000000087f00000| PB 0x0000000087f00000| Untracked 
|  98|0x0000000088000000, 0x0000000088000000, 0x0000000088100000|  0%| F|  |TAMS 0x0000000088000000| PB 0x0000000088000000| Untracked 
|  99|0x0000000088100000, 0x0000000088100000, 0x0000000088200000|  0%| F|  |TAMS 0x0000000088100000| PB 0x0000000088100000| Untracked 
| 100|0x0000000088200000, 0x0000000088200000, 0x0000000088300000|  0%| F|  |TAMS 0x0000000088200000| PB 0x0000000088200000| Untracked 
| 101|0x0000000088300000, 0x0000000088300000, 0x0000000088400000|  0%| F|  |TAMS 0x0000000088300000| PB 0x0000000088300000| Untracked 
| 102|0x0000000088400000, 0x0000000088400000, 0x0000000088500000|  0%| F|  |TAMS 0x0000000088400000| PB 0x0000000088400000| Untracked 
| 103|0x0000000088500000, 0x0000000088500000, 0x0000000088600000|  0%| F|  |TAMS 0x0000000088500000| PB 0x0000000088500000| Untracked 
| 104|0x0000000088600000, 0x0000000088600000, 0x0000000088700000|  0%| F|  |TAMS 0x0000000088600000| PB 0x0000000088600000| Untracked 
| 105|0x0000000088700000, 0x0000000088700000, 0x0000000088800000|  0%| F|  |TAMS 0x0000000088700000| PB 0x0000000088700000| Untracked 
| 106|0x0000000088800000, 0x0000000088800000, 0x0000000088900000|  0%| F|  |TAMS 0x0000000088800000| PB 0x0000000088800000| Untracked 
| 107|0x0000000088900000, 0x0000000088900000, 0x0000000088a00000|  0%| F|  |TAMS 0x0000000088900000| PB 0x0000000088900000| Untracked 
| 108|0x0000000088a00000, 0x0000000088a00000, 0x0000000088b00000|  0%| F|  |TAMS 0x0000000088a00000| PB 0x0000000088a00000| Untracked 
| 109|0x0000000088b00000, 0x0000000088b00000, 0x0000000088c00000|  0%| F|  |TAMS 0x0000000088b00000| PB 0x0000000088b00000| Untracked 
| 110|0x0000000088c00000, 0x0000000088c00000, 0x0000000088d00000|  0%| F|  |TAMS 0x0000000088c00000| PB 0x0000000088c00000| Untracked 
| 111|0x0000000088d00000, 0x0000000088d00000, 0x0000000088e00000|  0%| F|  |TAMS 0x0000000088d00000| PB 0x0000000088d00000| Untracked 
| 112|0x0000000088e00000, 0x0000000088e00000, 0x0000000088f00000|  0%| F|  |TAMS 0x0000000088e00000| PB 0x0000000088e00000| Untracked 
| 113|0x0000000088f00000, 0x0000000088f00000, 0x0000000089000000|  0%| F|  |TAMS 0x0000000088f00000| PB 0x0000000088f00000| Untracked 
| 114|0x0000000089000000, 0x0000000089000000, 0x0000000089100000|  0%| F|  |TAMS 0x0000000089000000| PB 0x0000000089000000| Untracked 
| 115|0x0000000089100000, 0x0000000089100000, 0x0000000089200000|  0%| F|  |TAMS 0x0000000089100000| PB 0x0000000089100000| Untracked 
| 116|0x0000000089200000, 0x0000000089200000, 0x0000000089300000|  0%| F|  |TAMS 0x0000000089200000| PB 0x0000000089200000| Untracked 
| 117|0x0000000089300000, 0x00000000893ec498, 0x0000000089400000| 92%| E|  |TAMS 0x0000000089300000| PB 0x0000000089300000| Complete 
| 118|0x0000000089400000, 0x0000000089500000, 0x0000000089500000|100%| E|CS|TAMS 0x0000000089400000| PB 0x0000000089400000| Complete 
| 119|0x0000000089500000, 0x0000000089600000, 0x0000000089600000|100%| E|CS|TAMS 0x0000000089500000| PB 0x0000000089500000| Complete 
| 120|0x0000000089600000, 0x0000000089700000, 0x0000000089700000|100%| E|CS|TAMS 0x0000000089600000| PB 0x0000000089600000| Complete 
| 121|0x0000000089700000, 0x0000000089800000, 0x0000000089800000|100%| E|CS|TAMS 0x0000000089700000| PB 0x0000000089700000| Complete 
| 122|0x0000000089800000, 0x0000000089900000, 0x0000000089900000|100%| E|CS|TAMS 0x0000000089800000| PB 0x0000000089800000| Complete 
| 123|0x0000000089900000, 0x0000000089a00000, 0x0000000089a00000|100%| E|CS|TAMS 0x0000000089900000| PB 0x0000000089900000| Complete 
| 124|0x0000000089a00000, 0x0000000089b00000, 0x0000000089b00000|100%| E|CS|TAMS 0x0000000089a00000| PB 0x0000000089a00000| Complete 
| 125|0x0000000089b00000, 0x0000000089c00000, 0x0000000089c00000|100%| E|CS|TAMS 0x0000000089b00000| PB 0x0000000089b00000| Complete 
| 126|0x0000000089c00000, 0x0000000089d00000, 0x0000000089d00000|100%| E|CS|TAMS 0x0000000089c00000| PB 0x0000000089c00000| Complete 
| 127|0x0000000089d00000, 0x0000000089e00000, 0x0000000089e00000|100%| E|CS|TAMS 0x0000000089d00000| PB 0x0000000089d00000| Complete 

Card table byte_map: [0x0000023d60e90000,0x0000023d61290000] _byte_map_base: 0x0000023d60a81000

Marking Bits: (CMBitMap*) 0x0000023d477ffbf0
 Bits: [0x0000023d61690000, 0x0000023d63618000)

Polling page: 0x0000023d47640000

Metaspace:

Usage:
  Non-class:      2.99 MB used.
      Class:    388.96 KB used.
       Both:      3.37 MB used.

Virtual space:
  Non-class space:       64.00 MB reserved,       3.06 MB (  5%) committed,  1 nodes.
      Class space:        1.00 GB reserved,     448.00 KB ( <1%) committed,  1 nodes.
             Both:        1.06 GB reserved,       3.50 MB ( <1%) committed. 

Chunk freelists:
   Non-Class:  2.83 MB
       Class:  3.51 MB
        Both:  6.34 MB

MaxMetaspaceSize: unlimited
CompressedClassSpaceSize: 1.00 GB
Initial GC threshold: 21.00 MB
Current GC threshold: 21.00 MB
CDS: on
MetaspaceReclaimPolicy: balanced
 - commit_granule_bytes: 65536.
 - commit_granule_words: 8192.
 - virtual_space_node_default_size: 8388608.
 - enlarge_chunks_in_place: 1.
 - new_chunks_are_fully_committed: 0.
 - uncommit_free_chunks: 1.
 - use_allocation_guard: 0.


Internal statistics:

num_allocs_failed_limit: 0.
num_arena_births: 54.
num_arena_deaths: 0.
num_vsnodes_births: 2.
num_vsnodes_deaths: 0.
num_space_committed: 56.
num_space_uncommitted: 0.
num_chunks_returned_to_freelist: 0.
num_chunks_taken_from_freelist: 147.
num_chunk_merges: 0.
num_chunk_splits: 78.
num_chunks_enlarged: 53.
num_inconsistent_stats: 0.

CodeHeap 'non-profiled nmethods': size=120000Kb used=226Kb max_used=226Kb free=119773Kb
 bounds [0x0000023d58b00000, 0x0000023d58d70000, 0x0000023d60030000]
CodeHeap 'profiled nmethods': size=120000Kb used=1248Kb max_used=1248Kb free=118751Kb
 bounds [0x0000023d51030000, 0x0000023d512a0000, 0x0000023d58560000]
CodeHeap 'non-nmethods': size=5760Kb used=1409Kb max_used=1424Kb free=4350Kb
 bounds [0x0000023d58560000, 0x0000023d587d0000, 0x0000023d58b00000]
 total_blobs=1230 nmethods=776 adapters=365
 compilation: enabled
              stopped_count=0, restarted_count=0
 full_count=0

Compilation events (20 events):
Event: 0.462 Thread 0x0000023d660ebc50 nmethod 765 0x0000023d51164490 code [0x0000023d511647a0, 0x0000023d51165b70]
Event: 0.462 Thread 0x0000023d660ebc50  764       3       jdk.internal.reflect.ReflectionFactory::copyMethod (11 bytes)
Event: 0.462 Thread 0x0000023d660ebc50 nmethod 764 0x0000023d51166310 code [0x0000023d511664c0, 0x0000023d511666b0]
Event: 0.462 Thread 0x0000023d660ebc50  767       3       java.util.ArrayList::iterator (9 bytes)
Event: 0.462 Thread 0x0000023d660ebc50 nmethod 767 0x0000023d51166810 code [0x0000023d511669a0, 0x0000023d51166c38]
Event: 0.462 Thread 0x0000023d660ebc50  768       3       java.util.ArrayList$Itr::<init> (26 bytes)
Event: 0.462 Thread 0x0000023d660ebc50 nmethod 768 0x0000023d51166d10 code [0x0000023d51166ea0, 0x0000023d51167080]
Event: 0.462 Thread 0x0000023d660ebc50  766       1       jdk.internal.org.objectweb.asm.SymbolTable::getConstantPoolCount (5 bytes)
Event: 0.462 Thread 0x0000023d660ebc50 nmethod 766 0x0000023d58b37010 code [0x0000023d58b37180, 0x0000023d58b37248]
Event: 0.462 Thread 0x0000023d660ebc50  769       3       java.util.LinkedHashMap$LinkedValueIterator::next (8 bytes)
Event: 0.463 Thread 0x0000023d660ebc50 nmethod 769 0x0000023d51167190 code [0x0000023d51167320, 0x0000023d51167460]
Event: 0.463 Thread 0x0000023d660ebc50  770       3       java.lang.invoke.Invokers$Holder::linkToTargetMethod (8 bytes)
Event: 0.463 Thread 0x0000023d660eab30  772       4       java.lang.StringBuilder::append (8 bytes)
Event: 0.463 Thread 0x0000023d660ebc50 nmethod 770 0x0000023d51167510 code [0x0000023d511676c0, 0x0000023d511679a8]
Event: 0.463 Thread 0x0000023d660ebc50  771       3       java.lang.invoke.LambdaForm$MH/0x0000000801000800::invoke (8 bytes)
Event: 0.463 Thread 0x0000023d660ebc50 nmethod 771 0x0000023d51167a90 code [0x0000023d51167c20, 0x0000023d51167e70]
Event: 0.463 Thread 0x0000023d660ebc50  773       3       jdk.internal.org.objectweb.asm.Frame::getInputStackSize (6 bytes)
Event: 0.463 Thread 0x0000023d660ebc50 nmethod 773 0x0000023d51167f90 code [0x0000023d51168120, 0x0000023d51168238]
Event: 0.465 Thread 0x0000023d660ebc50  774       3       java.net.URLStreamHandler::parseURL (1124 bytes)
Event: 0.468 Thread 0x0000023d660eab30 nmethod 772 0x0000023d58b37310 code [0x0000023d58b374a0, 0x0000023d58b37a80]

GC Heap History (0 events):
No events

Dll operation events (11 events):
Event: 0.010 Loaded shared library C:\Program Files\Java\jdk-20\bin\java.dll
Event: 0.023 Loaded shared library C:\Program Files\Java\jdk-20\bin\jsvml.dll
Event: 0.124 Loaded shared library C:\Program Files\Java\jdk-20\bin\zip.dll
Event: 0.127 Loaded shared library C:\Program Files\Java\jdk-20\bin\instrument.dll
Event: 0.134 Loaded shared library C:\Program Files\Java\jdk-20\bin\net.dll
Event: 0.137 Loaded shared library C:\Program Files\Java\jdk-20\bin\nio.dll
Event: 0.141 Loaded shared library C:\Program Files\Java\jdk-20\bin\zip.dll
Event: 0.157 Loaded shared library C:\Program Files\JetBrains\IntelliJ IDEA 2023.1.1\bin\breakgen64.dll
Event: 0.166 Loaded shared library C:\Program Files\Java\jdk-20\bin\extnet.dll
Event: 0.224 Loaded shared library C:\Program Files\Java\jdk-20\bin\jimage.dll
Event: 0.312 Loaded shared library C:\Program Files\Java\jdk-20\bin\verify.dll

Deoptimization events (20 events):
Event: 0.174 Thread 0x0000023d4779ea60 DEOPT PACKING pc=0x0000023d58b0de18 sp=0x000000766fefa5f0
Event: 0.174 Thread 0x0000023d4779ea60 DEOPT UNPACKING pc=0x0000023d585c9d22 sp=0x000000766fefa580 mode 2
Event: 0.174 Thread 0x0000023d4779ea60 Uncommon trap: trap_request=0xffffffde fr.pc=0x0000023d58b0de18 relative=0x0000000000000998
Event: 0.174 Thread 0x0000023d4779ea60 Uncommon trap: reason=class_check action=maybe_recompile pc=0x0000023d58b0de18 method=java.util.HashMap.putVal(ILjava/lang/Object;Ljava/lang/Object;ZZ)Ljava/lang/Object; @ 152 c2
Event: 0.174 Thread 0x0000023d4779ea60 DEOPT PACKING pc=0x0000023d58b0de18 sp=0x000000766fefa5f0
Event: 0.174 Thread 0x0000023d4779ea60 DEOPT UNPACKING pc=0x0000023d585c9d22 sp=0x000000766fefa580 mode 2
Event: 0.226 Thread 0x0000023d4779ea60 DEOPT PACKING pc=0x0000023d51042e57 sp=0x000000766fefc390
Event: 0.226 Thread 0x0000023d4779ea60 DEOPT UNPACKING pc=0x0000023d585ca4c2 sp=0x000000766fefb7b0 mode 0
Event: 0.238 Thread 0x0000023d4779ea60 DEOPT PACKING pc=0x0000023d510379c1 sp=0x000000766fefdc80
Event: 0.238 Thread 0x0000023d4779ea60 DEOPT UNPACKING pc=0x0000023d585ca4c2 sp=0x000000766fefd0f8 mode 0
Event: 0.258 Thread 0x0000023d4779ea60 Uncommon trap: trap_request=0xffffff45 fr.pc=0x0000023d58b1b10c relative=0x0000000000000b8c
Event: 0.258 Thread 0x0000023d4779ea60 Uncommon trap: reason=unstable_if action=reinterpret pc=0x0000023d58b1b10c method=java.util.HashMap.putVal(ILjava/lang/Object;Ljava/lang/Object;ZZ)Ljava/lang/Object; @ 181 c2
Event: 0.258 Thread 0x0000023d4779ea60 DEOPT PACKING pc=0x0000023d58b1b10c sp=0x000000766fefdea0
Event: 0.258 Thread 0x0000023d4779ea60 DEOPT UNPACKING pc=0x0000023d585c9d22 sp=0x000000766fefde50 mode 2
Event: 0.338 Thread 0x0000023d4779ea60 DEOPT PACKING pc=0x0000023d5107b3f5 sp=0x000000766fef7730
Event: 0.338 Thread 0x0000023d4779ea60 DEOPT UNPACKING pc=0x0000023d585ca4c2 sp=0x000000766fef6b80 mode 0
Event: 0.425 Thread 0x0000023d4779ea60 DEOPT PACKING pc=0x0000023d5109a86e sp=0x000000766fefb110
Event: 0.425 Thread 0x0000023d4779ea60 DEOPT UNPACKING pc=0x0000023d585ca4c2 sp=0x000000766fefa580 mode 0
Event: 0.446 Thread 0x0000023d4779ea60 DEOPT PACKING pc=0x0000023d5108432e sp=0x000000766fefb840
Event: 0.446 Thread 0x0000023d4779ea60 DEOPT UNPACKING pc=0x0000023d585ca4c2 sp=0x000000766fefacb8 mode 0

Classes loaded (20 events):
Event: 0.377 Loading class java/lang/annotation/Repeatable
Event: 0.377 Loading class java/lang/annotation/Repeatable done
Event: 0.382 Loading class java/lang/reflect/UndeclaredThrowableException
Event: 0.382 Loading class java/lang/reflect/UndeclaredThrowableException done
Event: 0.383 Loading class java/lang/IllegalAccessException
Event: 0.383 Loading class java/lang/IllegalAccessException done
Event: 0.383 Loading class java/lang/Class$AnnotationData
Event: 0.383 Loading class java/lang/Class$AnnotationData done
Event: 0.436 Loading class jdk/internal/vm/annotation/IntrinsicCandidate
Event: 0.436 Loading class jdk/internal/vm/annotation/IntrinsicCandidate done
Event: 0.438 Loading class java/lang/Deprecated
Event: 0.438 Loading class java/lang/Deprecated done
Event: 0.450 Loading class java/lang/annotation/ElementType
Event: 0.450 Loading class java/lang/annotation/ElementType done
Event: 0.473 Loading class java/util/concurrent/ConcurrentLinkedQueue
Event: 0.473 Loading class java/util/AbstractQueue
Event: 0.473 Loading class java/util/AbstractQueue done
Event: 0.473 Loading class java/util/concurrent/ConcurrentLinkedQueue done
Event: 0.473 Loading class java/util/concurrent/ConcurrentLinkedQueue$Node
Event: 0.473 Loading class java/util/concurrent/ConcurrentLinkedQueue$Node done

Classes unloaded (0 events):
No events

Classes redefined (0 events):
No events

Internal exceptions (14 events):
Event: 0.149 Thread 0x0000023d4779ea60 Exception <a 'java/lang/NoSuchMethodError'{0x0000000089b58be8}: 'void java.lang.invoke.DirectMethodHandle$Holder.invokeStatic(java.lang.Object, java.lang.Object, java.lang.Object)'> (0x0000000089b58be8) 
thrown [s\open\src\hotspot\share\interpreter\linkResolver.cpp, line 773]
Event: 0.154 Thread 0x0000023d4779ea60 Exception <a 'java/lang/NoSuchMethodError'{0x0000000089b700f0}: 'java.lang.Object java.lang.invoke.Invokers$Holder.invokeExact_MT(java.lang.Object, java.lang.Object, java.lang.Object, java.lang.Object, java.lang.Object)'> (0x0000000089b700f0) 
thrown [s\open\src\hotspot\share\interpreter\linkResolver.cpp, line 773]
Event: 0.168 Thread 0x0000023d6a5ef5a0 Exception <a 'java/lang/NoSuchMethodError'{0x0000000089bf46b0}: 'void java.lang.invoke.DirectMethodHandle$Holder.invokeStatic(java.lang.Object, java.lang.Object)'> (0x0000000089bf46b0) 
thrown [s\open\src\hotspot\share\interpreter\linkResolver.cpp, line 773]
Event: 0.190 Thread 0x0000023d4779ea60 Exception <a 'java/lang/NoSuchMethodError'{0x0000000089aa5838}: 'java.lang.Object java.lang.invoke.DirectMethodHandle$Holder.invokeStaticInit(java.lang.Object, int)'> (0x0000000089aa5838) 
thrown [s\open\src\hotspot\share\interpreter\linkResolver.cpp, line 773]
Event: 0.199 Thread 0x0000023d4779ea60 Exception <a 'java/lang/NoSuchMethodError'{0x0000000089ad2180}: 'long java.lang.invoke.DirectMethodHandle$Holder.invokeSpecial(java.lang.Object, java.lang.Object)'> (0x0000000089ad2180) 
thrown [s\open\src\hotspot\share\interpreter\linkResolver.cpp, line 773]
Event: 0.199 Thread 0x0000023d4779ea60 Exception <a 'java/lang/NoSuchMethodError'{0x0000000089ad56b0}: 'long java.lang.invoke.Invokers$Holder.invokeExact_MT(java.lang.Object, java.lang.Object)'> (0x0000000089ad56b0) 
thrown [s\open\src\hotspot\share\interpreter\linkResolver.cpp, line 773]
Event: 0.206 Thread 0x0000023d4779ea60 Exception <a 'java/lang/NoSuchMethodError'{0x0000000089aec4e8}: 'java.lang.Object java.lang.invoke.DirectMethodHandle$Holder.invokeInterface(java.lang.Object, java.lang.Object)'> (0x0000000089aec4e8) 
thrown [s\open\src\hotspot\share\interpreter\linkResolver.cpp, line 773]
Event: 0.256 Thread 0x0000023d4779ea60 Exception <a 'java/lang/NoSuchMethodError'{0x000000008989be98}: 'java.lang.Object java.lang.invoke.DirectMethodHandle$Holder.invokeStaticInit(java.lang.Object, java.lang.Object, java.lang.Object)'> (0x000000008989be98) 
thrown [s\open\src\hotspot\share\interpreter\linkResolver.cpp, line 773]
Event: 0.257 Thread 0x0000023d4779ea60 Exception <a 'java/lang/NoSuchMethodError'{0x00000000898a34f8}: 'void java.lang.invoke.DirectMethodHandle$Holder.invokeStaticInit(java.lang.Object, java.lang.Object, java.lang.Object)'> (0x00000000898a34f8) 
thrown [s\open\src\hotspot\share\interpreter\linkResolver.cpp, line 773]
Event: 0.275 Thread 0x0000023d4779ea60 Exception <a 'java/lang/NoSuchMethodError'{0x000000008971c5d0}: 'java.lang.Object java.lang.invoke.DirectMethodHandle$Holder.invokeVirtual(java.lang.Object, java.lang.Object, java.lang.Object)'> (0x000000008971c5d0) 
thrown [s\open\src\hotspot\share\interpreter\linkResolver.cpp, line 773]
Event: 0.306 Thread 0x0000023d4779ea60 Exception <a 'java/lang/NoSuchMethodError'{0x00000000897ff508}: 'int java.lang.invoke.DirectMethodHandle$Holder.invokeVirtual(java.lang.Object, java.lang.Object)'> (0x00000000897ff508) 
thrown [s\open\src\hotspot\share\interpreter\linkResolver.cpp, line 773]
Event: 0.321 Thread 0x0000023d4779ea60 Exception <a 'java/lang/NoSuchMethodError'{0x000000008965bea8}: 'int java.lang.invoke.DirectMethodHandle$Holder.invokeSpecial(java.lang.Object, java.lang.Object, java.lang.Object)'> (0x000000008965bea8) 
thrown [s\open\src\hotspot\share\interpreter\linkResolver.cpp, line 773]
Event: 0.434 Thread 0x0000023d4779ea60 Exception <a 'java/lang/IncompatibleClassChangeError'{0x00000000894b3b40}: Found class java.lang.Object, but interface was expected> (0x00000000894b3b40) 
thrown [s\open\src\hotspot\share\interpreter\linkResolver.cpp, line 840]
Event: 0.457 Thread 0x0000023d4779ea60 Exception <a 'java/lang/NoSuchMethodError'{0x00000000893024b8}: 'java.lang.Object java.lang.invoke.DirectMethodHandle$Holder.newInvokeSpecial(java.lang.Object, java.lang.Object, java.lang.Object, java.lang.Object, java.lang.Object)'> (0x00000000893024b8) 
thrown [s\open\src\hotspot\share\interpreter\linkResolver.cpp, line 773]

VM Operations (6 events):
Event: 0.106 Executing VM operation: HandshakeAllThreads
Event: 0.106 Executing VM operation: HandshakeAllThreads done
Event: 0.160 Executing VM operation: HandshakeAllThreads
Event: 0.160 Executing VM operation: HandshakeAllThreads done
Event: 0.281 Executing VM operation: HandshakeAllThreads
Event: 0.281 Executing VM operation: HandshakeAllThreads done

Events (12 events):
Event: 0.024 Thread 0x0000023d4779ea60 Thread added: 0x0000023d4779ea60
Event: 0.047 Thread 0x0000023d660d1150 Thread added: 0x0000023d660d1150
Event: 0.047 Thread 0x0000023d660d1e50 Thread added: 0x0000023d660d1e50
Event: 0.048 Thread 0x0000023d660d7c60 Thread added: 0x0000023d660d7c60
Event: 0.048 Thread 0x0000023d660d87a0 Thread added: 0x0000023d660d87a0
Event: 0.048 Thread 0x0000023d660db890 Thread added: 0x0000023d660db890
Event: 0.048 Thread 0x0000023d660dc970 Thread added: 0x0000023d660dc970
Event: 0.048 Thread 0x0000023d660eab30 Thread added: 0x0000023d660eab30
Event: 0.048 Thread 0x0000023d660ebc50 Thread added: 0x0000023d660ebc50
Event: 0.093 Thread 0x0000023d6609e440 Thread added: 0x0000023d6609e440
Event: 0.157 Thread 0x0000023d6a5ef5a0 Thread added: 0x0000023d6a5ef5a0
Event: 0.158 Thread 0x0000023d6a5efaf0 Thread added: 0x0000023d6a5efaf0


Dynamic libraries:
0x00007ff71f6b0000 - 0x00007ff71f6c0000 	C:\Program Files\Java\jdk-20\bin\java.exe
0x00007ffee5890000 - 0x00007ffee5a88000 	C:\WINDOWS\SYSTEM32\ntdll.dll
0x00007ffee5650000 - 0x00007ffee570f000 	C:\WINDOWS\System32\KERNEL32.DLL
0x00007ffee3120000 - 0x00007ffee3416000 	C:\WINDOWS\System32\KERNELBASE.dll
0x00007ffee3600000 - 0x00007ffee3700000 	C:\WINDOWS\System32\ucrtbase.dll
0x00007ffecea10000 - 0x00007ffecea2b000 	C:\Program Files\Java\jdk-20\bin\VCRUNTIME140.dll
0x00007ffece9b0000 - 0x00007ffece9c9000 	C:\Program Files\Java\jdk-20\bin\jli.dll
0x00007ffee5520000 - 0x00007ffee55cf000 	C:\WINDOWS\System32\ADVAPI32.dll
0x00007ffee4470000 - 0x00007ffee450e000 	C:\WINDOWS\System32\msvcrt.dll
0x00007ffee4290000 - 0x00007ffee432c000 	C:\WINDOWS\System32\sechost.dll
0x00007ffee4ae0000 - 0x00007ffee4c06000 	C:\WINDOWS\System32\RPCRT4.dll
0x00007ffee51c0000 - 0x00007ffee535d000 	C:\WINDOWS\System32\USER32.dll
0x00007ffee3700000 - 0x00007ffee3722000 	C:\WINDOWS\System32\win32u.dll
0x00007ffee2370000 - 0x00007ffee260a000 	C:\WINDOWS\WinSxS\amd64_microsoft.windows.common-controls_6595b64144ccf1df_6.0.19041.1110_none_60b5254171f9507e\COMCTL32.dll
0x00007ffee43c0000 - 0x00007ffee43ec000 	C:\WINDOWS\System32\GDI32.dll
0x00007ffee3730000 - 0x00007ffee3845000 	C:\WINDOWS\System32\gdi32full.dll
0x00007ffee3850000 - 0x00007ffee38ed000 	C:\WINDOWS\System32\msvcp_win.dll
0x00007ffed84e0000 - 0x00007ffed84ea000 	C:\WINDOWS\SYSTEM32\VERSION.dll
0x00007ffee5190000 - 0x00007ffee51c0000 	C:\WINDOWS\System32\IMM32.DLL
0x00007ffed5da0000 - 0x00007ffed5dac000 	C:\Program Files\Java\jdk-20\bin\vcruntime140_1.dll
0x00007ffec07b0000 - 0x00007ffec083e000 	C:\Program Files\Java\jdk-20\bin\msvcp140.dll
0x00007ffe96c30000 - 0x00007ffe978c7000 	C:\Program Files\Java\jdk-20\bin\server\jvm.dll
0x00007ffece0d0000 - 0x00007ffece0d9000 	C:\WINDOWS\SYSTEM32\WSOCK32.dll
0x00007ffec9340000 - 0x00007ffec9367000 	C:\WINDOWS\SYSTEM32\WINMM.dll
0x00007ffee4700000 - 0x00007ffee476b000 	C:\WINDOWS\System32\WS2_32.dll
0x00007ffee1110000 - 0x00007ffee1122000 	C:\WINDOWS\SYSTEM32\kernel.appcore.dll
0x00007ffece9a0000 - 0x00007ffece9aa000 	C:\Program Files\Java\jdk-20\bin\jimage.dll
0x00007ffee29a0000 - 0x00007ffee2b84000 	C:\WINDOWS\SYSTEM32\DBGHELP.DLL
0x00007ffee28e0000 - 0x00007ffee2914000 	C:\WINDOWS\SYSTEM32\dbgcore.DLL
0x00007ffee3420000 - 0x00007ffee34a2000 	C:\WINDOWS\System32\bcryptPrimitives.dll
0x00007ffedcdd0000 - 0x00007ffedcdde000 	C:\Program Files\Java\jdk-20\bin\instrument.dll
0x00007ffec53f0000 - 0x00007ffec5416000 	C:\Program Files\Java\jdk-20\bin\java.dll
0x00007ffeb9740000 - 0x00007ffeb9817000 	C:\Program Files\Java\jdk-20\bin\jsvml.dll
0x00007ffee38f0000 - 0x00007ffee4034000 	C:\WINDOWS\System32\SHELL32.dll
0x00007ffee0960000 - 0x00007ffee10f3000 	C:\WINDOWS\SYSTEM32\windows.storage.dll
0x00007ffee4770000 - 0x00007ffee4ac4000 	C:\WINDOWS\System32\combase.dll
0x00007ffee2180000 - 0x00007ffee21ae000 	C:\WINDOWS\SYSTEM32\Wldp.dll
0x00007ffee4c10000 - 0x00007ffee4cbd000 	C:\WINDOWS\System32\SHCORE.dll
0x00007ffee5130000 - 0x00007ffee5185000 	C:\WINDOWS\System32\shlwapi.dll
0x00007ffee2eb0000 - 0x00007ffee2ecf000 	C:\WINDOWS\SYSTEM32\profapi.dll
0x00007ffec8bd0000 - 0x00007ffec8be8000 	C:\Program Files\Java\jdk-20\bin\zip.dll
0x00007ffece8f0000 - 0x00007ffece903000 	C:\Program Files\Java\jdk-20\bin\net.dll
0x00007ffed5780000 - 0x00007ffed588a000 	C:\WINDOWS\SYSTEM32\WINHTTP.dll
0x00007ffee1f60000 - 0x00007ffee1fca000 	C:\WINDOWS\system32\mswsock.dll
0x00007ffece860000 - 0x00007ffece876000 	C:\Program Files\Java\jdk-20\bin\nio.dll
0x00007ffedafd0000 - 0x00007ffedafea000 	C:\Program Files\JetBrains\IntelliJ IDEA 2023.1.1\bin\breakgen64.dll
0x00007ffece8e0000 - 0x00007ffece8e7000 	C:\Program Files\Java\jdk-20\bin\extnet.dll
0x00007ffec97a0000 - 0x00007ffec97b0000 	C:\Program Files\Java\jdk-20\bin\verify.dll

dbghelp: loaded successfully - version: 4.0.5 - missing functions: none
symbol engine: initialized successfully - sym options: 0x614 - pdb path: .;C:\Program Files\Java\jdk-20\bin;C:\WINDOWS\SYSTEM32;C:\WINDOWS\WinSxS\amd64_microsoft.windows.common-controls_6595b64144ccf1df_6.0.19041.1110_none_60b5254171f9507e;C:\Program Files\Java\jdk-20\bin\server;C:\Program Files\JetBrains\IntelliJ IDEA 2023.1.1\bin

VM Arguments:
jvm_args: -ea -Didea.test.cyclic.buffer.size=1048576 -javaagent:C:\Program Files\JetBrains\IntelliJ IDEA 2023.1.1\lib\idea_rt.jar=50158:C:\Program Files\JetBrains\IntelliJ IDEA 2023.1.1\bin -Dfile.encoding=UTF-8 -Dsun.stdout.encoding=UTF-8 -Dsun.stderr.encoding=UTF-8 
java_command: com.intellij.rt.junit.JUnitStarter -ideVersion5 -junit5 org.example.BookServiceTest,testPurchaseUserIsNull
java_class_path (initial): C:\Users\admin\.m2\repository\org\junit\platform\junit-platform-launcher\1.10.0-M1\junit-platform-launcher-1.10.0-M1.jar;C:\Users\admin\.m2\repository\org\junit\vintage\junit-vintage-engine\5.10.0-M1\junit-vintage-engine-5.10.0-M1.jar;C:\Program Files\JetBrains\IntelliJ IDEA 2023.1.1\lib\idea_rt.jar;C:\Program Files\JetBrains\IntelliJ IDEA 2023.1.1\plugins\junit\lib\junit5-rt.jar;C:\Program Files\JetBrains\IntelliJ IDEA 2023.1.1\plugins\junit\lib\junit-rt.jar;C:\CTAC_Cohort5\FullStack_103\JUnitProject\Online-Bookstore-Assignment\target\test-classes;C:\CTAC_Cohort5\FullStack_103\JUnitProject\Online-Bookstore-Assignment\target\classes;C:\Users\admin\.m2\repository\junit\junit\4.13.2\junit-4.13.2.jar;C:\Users\admin\.m2\repository\org\hamcrest\hamcrest-core\1.3\hamcrest-core-1.3.jar;C:\Users\admin\.m2\repository\org\junit\jupiter\junit-jupiter\5.10.0-M1\junit-jupiter-5.10.0-M1.jar;C:\Users\admin\.m2\repository\org\junit\jupiter\junit-jupiter-api\5.10.0-M1\junit-jupiter-api-5.10.0-M1.jar;C:\Users\admin\.m2\repository\org\opentest4j\opentest4j\1.2.0\opentest4j-1.2.0.jar;C:\Users\admin\.m2\repository\org\junit\platform\junit-platform-commons\1.10.0-M1\junit-platform-commons-1.10.0-M1.jar;C:\Users\admin\.m2\repository\org\apiguardian\apiguardian-api\1.1.2\apiguardian-api-1.1.2.jar;C:\Users\admin\.m2\repository\org\junit\jupiter\junit-jupiter-params\5.10.0-M1\junit-jupiter-params-5.10.0-M1.jar;C:\Users\admin\.m2\repository\org\junit\jupiter\junit-jupiter-engine\5.10.0-M1\junit-jupiter-engine-5.10.0-M1.jar;C:\Users\admin\.m2\repository\org\junit\platform\junit-platform-engine\1.10.0-M1\junit-platform-engine-1.10.0-M1.jar;C:\Users\admin\.m2\repository\org\mockito\mockito-core\5.3.1\mockito-core-5.3.1.jar;C:\Users\admin\.m2\repository\net\bytebuddy\byte-buddy\1.14.4\byte-buddy-1.14.4.jar;C:\Users\admin\.m2\repository\net\bytebuddy\byte-buddy-agent\1.14.4\byte-buddy-agent-1.14.4.jar;C:\Users\admin\.m2\repository\org\objenesis\objenesis\3.3\objenesis-3.3.jar;C:\Users\admin\.m2\repository\org\mockito\mockito-junit-jupiter\5.3.1\mockito-junit-jupiter-5.3.1.jar
Launcher Type: SUN_STANDARD

[Global flags]
     intx CICompilerCount                          = 4                                         {product} {ergonomic}
     uint ConcGCThreads                            = 2                                         {product} {ergonomic}
     uint G1ConcRefinementThreads                  = 8                                         {product} {ergonomic}
   size_t G1HeapRegionSize                         = 1048576                                   {product} {ergonomic}
    uintx GCDrainStackTargetSize                   = 64                                        {product} {ergonomic}
   size_t InitialHeapSize                          = 134217728                                 {product} {ergonomic}
   size_t MarkStackSize                            = 4194304                                   {product} {ergonomic}
   size_t MaxHeapSize                              = 2116026368                                {product} {ergonomic}
   size_t MaxNewSize                               = 1268776960                                {product} {ergonomic}
   size_t MinHeapDeltaBytes                        = 1048576                                   {product} {ergonomic}
   size_t MinHeapSize                              = 8388608                                   {product} {ergonomic}
    uintx NonNMethodCodeHeapSize                   = 5839372                                {pd product} {ergonomic}
    uintx NonProfiledCodeHeapSize                  = 122909434                              {pd product} {ergonomic}
    uintx ProfiledCodeHeapSize                     = 122909434                              {pd product} {ergonomic}
    uintx ReservedCodeCacheSize                    = 251658240                              {pd product} {ergonomic}
     bool SegmentedCodeCache                       = true                                      {product} {ergonomic}
   size_t SoftMaxHeapSize                          = 2116026368                             {manageable} {ergonomic}
     bool UseCompressedClassPointers               = true                           {product lp64_product} {ergonomic}
     bool UseCompressedOops                        = true                           {product lp64_product} {ergonomic}
     bool UseG1GC                                  = true                                      {product} {ergonomic}
     bool UseLargePagesIndividualAllocation        = false                                  {pd product} {ergonomic}

Logging:
Log output configuration:
 #0: stdout all=warning uptime,level,tags foldmultilines=false
 #1: stderr all=off uptime,level,tags foldmultilines=false

Environment Variables:
JAVA_HOME=C:\Program Files\Java\jdk-20
PATH=C:\Program Files\Common Files\Oracle\Java\javapath;C:\Program Files (x86)\Common Files\Oracle\Java\javapath;C:\WINDOWS\system32;C:\WINDOWS;C:\WINDOWS\System32\Wbem;C:\WINDOWS\System32\WindowsPowerShell\v1.0\;C:\WINDOWS\System32\OpenSSH\;C:\Program Files\dotnet\;C:\Program Files\Git\cmd;C:\Program Files (x86)\nodejs\;C:\CTAC_Cohort5\FullStack_103\apache-maven-3.9.1\bin;C:\Program Files\Java\jdk-20\bin;C:\Users\admin\AppData\Local\Microsoft\WindowsApps;C:\Users\admin\AppData\Local\Programs\Microsoft VS Code\bin;C:\Users\admin\AppData\Roaming\npm;C:\CTAC_Cohort5\FullStack_103\apache-maven-3.9.1\bin;C:\Program Files\Java\jdk-20\bin;
USERNAME=admin
OS=Windows_NT
PROCESSOR_IDENTIFIER=Intel64 Family 6 Model 142 Stepping 10, GenuineIntel
TMP=C:\Users\admin\AppData\Local\Temp
TEMP=C:\Users\admin\AppData\Local\Temp




---------------  S Y S T E M  ---------------

OS:
 Windows 10 , 64 bit Build 19041 (10.0.19041.2913)
OS uptime: 0 days 9:09 hours
Hyper-V role detected

CPU: total 8 (initial active 8) (4 cores per cpu, 2 threads per core) family 6 model 142 stepping 10 microcode 0xf0, cx8, cmov, fxsr, ht, mmx, 3dnowpref, sse, sse2, sse3, ssse3, sse4.1, sse4.2, popcnt, lzcnt, tsc, tscinvbit, avx, avx2, aes, erms, clmul, bmi1, bmi2, rtm, adx, fma, vzeroupper, clflush, clflushopt, hv, rdtscp, f16c

Memory: 4k page, system-wide physical 8067M (1686M free)
TotalPageFile size 9067M (AvailPageFile size 3M)
current process WorkingSet (physical memory assigned to process): 53M, peak: 53M
current process commit charge ("private bytes"): 218M, peak: 218M

vm_info: Java HotSpot(TM) 64-Bit Server VM (20.0.1+9-29) for windows-amd64 JRE (20.0.1+9-29), built on 2023-03-07T13:56:11Z by "mach5one" with MS VC++ 17.1 (VS2022)

END.
